Carapace test suite — real run
generated: 2026-05-19 15:52:23Z
python:   Python 3.13.3
command:  py -m pytest -v
================================================================
============================= test session starts =============================
platform win32 -- Python 3.13.3, pytest-9.0.2, pluggy-1.6.0
rootdir: E:\carapace
configfile: pyproject.toml
testpaths: tests
plugins: anyio-4.11.0, opik-1.10.42, asyncio-1.3.0
asyncio: mode=Mode.STRICT, debug=False, asyncio_default_fixture_loop_scope=None, asyncio_default_test_loop_scope=function
collected 128 items

tests\test_agent.py ........                                             [  6%]
tests\test_api.py .......                                                [ 11%]
tests\test_audit.py ......                                               [ 16%]
tests\test_blast_radius.py .............                                 [ 26%]
tests\test_decision_engine.py ...............                            [ 38%]
tests\test_demo_api.py ......                                            [ 42%]
tests\test_executor_k8s.py ........                                      [ 49%]
tests\test_intent_classifier.py ..............                           [ 60%]
tests\test_lobstertrap.py ...................                            [ 75%]
tests\test_lt_shim.py ...........                                        [ 83%]
tests\test_policy.py ......                                              [ 88%]
tests\test_provenance.py .....                                           [ 92%]
tests\test_scenarios.py ......                                           [ 96%]
tests\test_types.py ....                                                 [100%]

------------ generated xml file: E:\carapace\docs\test-results.xml ------------
============================= 128 passed in 0.81s =============================
