<?xml version="1.0" encoding="utf-8"?><testsuites name="pytest tests"><testsuite name="pytest" errors="0" failures="0" skipped="0" tests="128" time="0.808" timestamp="2026-05-19T08:52:32.977420-07:00" hostname="Kush"><testcase classname="tests.test_agent" name="test_tool_catalog_lists_registered_tools" time="0.001" /><testcase classname="tests.test_agent" name="test_extract_envelope_clean_json" time="0.001" /><testcase classname="tests.test_agent" name="test_extract_envelope_tolerates_surrounding_prose" time="0.001" /><testcase classname="tests.test_agent" name="test_extract_envelope_invalid_returns_none" time="0.001" /><testcase classname="tests.test_agent" name="test_from_env_requires_key" time="0.001" /><testcase classname="tests.test_agent" name="test_propose_action_parses_envelope" time="0.001" /><testcase classname="tests.test_agent" name="test_propose_action_detects_lt_block" time="0.001" /><testcase classname="tests.test_agent" name="test_propose_action_network_error_is_captured" time="0.001" /><testcase classname="tests.test_api" name="test_allow_then_single_use_execute" time="0.036" /><testcase classname="tests.test_api" name="test_token_expires" time="0.092" /><testcase classname="tests.test_api" name="test_money_shot_quarantine_no_token" time="0.017" /><testcase classname="tests.test_api" name="test_execute_rejected_without_valid_token" time="0.017" /><testcase classname="tests.test_api" name="test_human_review_flow_records_reviewer" time="0.041" /><testcase classname="tests.test_api" name="test_unknown_tool_fails_closed" time="0.019" /><testcase classname="tests.test_api" name="test_audit_chain_intact_and_healthz" time="0.040" /><testcase classname="tests.test_audit" name="test_append_and_verify_clean_chain" time="0.013" /><testcase classname="tests.test_audit" name="test_unified_chain_interleaves_both_layers" time="0.010" /><testcase classname="tests.test_audit" name="test_tampering_breaks_the_chain" time="0.022" /><testcase classname="tests.test_audit" name="test_deleting_a_line_breaks_the_chain" time="0.019" /><testcase classname="tests.test_audit" name="test_chain_resumes_across_reopen" time="0.018" /><testcase classname="tests.test_audit" name="test_entries_are_json_and_carry_signed_hash" time="0.003" /><testcase classname="tests.test_blast_radius" name="test_static_tool_radius[get_telemetry-args0-none]" time="0.001" /><testcase classname="tests.test_blast_radius" name="test_static_tool_radius[read_logs-args1-none]" time="0.001" /><testcase classname="tests.test_blast_radius" name="test_static_tool_radius[propose_action-args2-none]" time="0.001" /><testcase classname="tests.test_blast_radius" name="test_static_tool_radius[restart_workload-args3-workload]" time="0.001" /><testcase classname="tests.test_blast_radius" name="test_static_tool_radius[throttle_power-args4-node]" time="0.001" /><testcase classname="tests.test_blast_radius" name="test_static_tool_radius[quarantine_node-args5-node]" time="0.001" /><testcase classname="tests.test_blast_radius" name="test_static_tool_radius[isolate_vlan-args6-vlan]" time="0.001" /><testcase classname="tests.test_blast_radius" name="test_migrate_vm_intra_site_radius_is_node" time="0.001" /><testcase classname="tests.test_blast_radius" name="test_migrate_vm_cross_site_radius_is_site" time="0.000" /><testcase classname="tests.test_blast_radius" name="test_isolate_spine_is_site_radius" time="0.000" /><testcase classname="tests.test_blast_radius" name="test_isolate_leaf_is_vlan_radius" time="0.000" /><testcase classname="tests.test_blast_radius" name="test_unknown_tool_fails_closed" time="0.000" /><testcase classname="tests.test_blast_radius" name="test_unknown_device_fails_closed" time="0.000" /><testcase classname="tests.test_decision_engine" name="test_R1_intent_mismatch_denies" time="0.000" /><testcase classname="tests.test_decision_engine" name="test_R2_injection_blocks_reversible_too" time="0.000" /><testcase classname="tests.test_decision_engine" name="test_R2_injection_blocks_destructive" time="0.000" /><testcase classname="tests.test_decision_engine" name="test_R3_untrusted_destructive_denies" time="0.000" /><testcase classname="tests.test_decision_engine" name="test_R4_site_radius_any_intent_reviews" time="0.000" /><testcase classname="tests.test_decision_engine" name="test_R4_destructive_site_reviews" time="0.000" /><testcase classname="tests.test_decision_engine" name="test_R5_destructive_node_reviews" time="0.000" /><testcase classname="tests.test_decision_engine" name="test_R6_semi_trusted_destructive_reviews" time="0.000" /><testcase classname="tests.test_decision_engine" name="test_R7_reversible_trusted_allows" time="0.000" /><testcase classname="tests.test_decision_engine" name="test_R7_reversible_semi_trusted_allows" time="0.000" /><testcase classname="tests.test_decision_engine" name="test_R8_observe_allows_even_with_untrusted_injected_source" time="0.000" /><testcase classname="tests.test_decision_engine" name="test_R8_recommend_allows" time="0.000" /><testcase classname="tests.test_decision_engine" name="test_R9_reversible_untrusted_falls_through_to_deny" time="0.000" /><testcase classname="tests.test_decision_engine" name="test_ruleset_hash_is_stable_and_deterministic" time="0.001" /><testcase classname="tests.test_decision_engine" name="test_decide_is_pure_and_deterministic" time="0.000" /><testcase classname="tests.test_demo_api" name="test_health_reports_mock_no_cluster" time="0.016" /><testcase classname="tests.test_demo_api" name="test_inject_requires_gate_first" time="0.010" /><testcase classname="tests.test_demo_api" name="test_gate_off_bypasses_and_executes" time="0.014" /><testcase classname="tests.test_demo_api" name="test_gate_on_quarantines_and_does_not_execute" time="0.023" /><testcase classname="tests.test_demo_api" name="test_reset_clears_gate" time="0.024" /><testcase classname="tests.test_demo_api" name="test_bad_gate_value_rejected" time="0.010" /><testcase classname="tests.test_executor_k8s" name="test_networkpolicy_is_deny_all_for_namespace" time="0.001" /><testcase classname="tests.test_executor_k8s" name="test_argv_builders" time="0.000" /><testcase classname="tests.test_executor_k8s" name="test_token_single_use_and_expiry" time="0.001" /><testcase classname="tests.test_executor_k8s" name="test_token_must_match_action_and_target" time="0.000" /><testcase classname="tests.test_executor_k8s" name="test_mock_isolate_then_state_then_reset" time="0.001" /><testcase classname="tests.test_executor_k8s" name="test_kube_mode_uses_runner_and_fails_closed" time="0.001" /><testcase classname="tests.test_executor_k8s" name="test_mock_has_no_cluster" time="0.000" /><testcase classname="tests.test_executor_k8s" name="test_unknown_site_rejected" time="0.001" /><testcase classname="tests.test_intent_classifier" name="test_static_tool_intents[get_telemetry-args0-observe]" time="0.001" /><testcase classname="tests.test_intent_classifier" name="test_static_tool_intents[read_logs-args1-observe]" time="0.001" /><testcase classname="tests.test_intent_classifier" name="test_static_tool_intents[propose_action-args2-recommend]" time="0.001" /><testcase classname="tests.test_intent_classifier" name="test_static_tool_intents[restart_workload-args3-remediate_reversible]" time="0.001" /><testcase classname="tests.test_intent_classifier" name="test_static_tool_intents[throttle_power-args4-remediate_destructive]" time="0.001" /><testcase classname="tests.test_intent_classifier" name="test_static_tool_intents[isolate_vlan-args5-remediate_destructive]" time="0.001" /><testcase classname="tests.test_intent_classifier" name="test_static_tool_intents[quarantine_node-args6-remediate_destructive]" time="0.001" /><testcase classname="tests.test_intent_classifier" name="test_migrate_vm_intra_site_is_reversible" time="0.000" /><testcase classname="tests.test_intent_classifier" name="test_migrate_vm_cross_site_is_destructive" time="0.000" /><testcase classname="tests.test_intent_classifier" name="test_isolate_network_device_intent_is_always_destructive" time="0.000" /><testcase classname="tests.test_intent_classifier" name="test_network_isolate_alias_resolves" time="0.000" /><testcase classname="tests.test_intent_classifier" name="test_unknown_tool_fails_closed" time="0.000" /><testcase classname="tests.test_intent_classifier" name="test_missing_required_arg_fails_closed" time="0.000" /><testcase classname="tests.test_intent_classifier" name="test_unknown_workload_fails_closed" time="0.001" /><testcase classname="tests.test_lobstertrap" name="test_parse_absent_metadata_is_not_present" time="0.001" /><testcase classname="tests.test_lobstertrap" name="test_parse_full_response_and_bare_block_equivalent" time="0.001" /><testcase classname="tests.test_lobstertrap" name="test_parse_drops_info_severity_mismatches" time="0.001" /><testcase classname="tests.test_lobstertrap" name="test_parse_worst_risk_across_ingress_egress_and_null_targets" time="0.001" /><testcase classname="tests.test_lobstertrap" name="test_fold_absent_is_identity" time="0.001" /><testcase classname="tests.test_lobstertrap" name="test_fold_injection_sets_flag" time="0.001" /><testcase classname="tests.test_lobstertrap" name="test_fold_high_risk_forces_untrusted" time="0.001" /><testcase classname="tests.test_lobstertrap" name="test_fold_mid_risk_downgrades_one_notch" time="0.001" /><testcase classname="tests.test_lobstertrap" name="test_fold_is_monotone_never_loosens" time="0.001" /><testcase classname="tests.test_lobstertrap" name="test_compose_without_lt_equals_evaluate" time="0.001" /><testcase classname="tests.test_lobstertrap" name="test_compose_money_shot_escalates_deny_to_quarantine" time="0.001" /><testcase classname="tests.test_lobstertrap" name="test_compose_risk_tightens_without_injection" time="0.001" /><testcase classname="tests.test_lobstertrap" name="test_compose_clean_lt_leaves_allow" time="0.001" /><testcase classname="tests.test_lobstertrap" name="test_compose_failclosed_unknown_tool_with_lt_present" time="0.001" /><testcase classname="tests.test_lobstertrap" name="test_compose_record_is_json_safe" time="0.001" /><testcase classname="tests.test_lobstertrap" name="test_compose_never_raises[payload0]" time="0.001" /><testcase classname="tests.test_lobstertrap" name="test_compose_never_raises[payload1]" time="0.001" /><testcase classname="tests.test_lobstertrap" name="test_compose_never_raises[payload2]" time="0.001" /><testcase classname="tests.test_lobstertrap" name="test_compose_never_raises[None]" time="0.001" /><testcase classname="tests.test_lt_shim" name="test_inspect_flags_injection_and_scores_high" time="0.001" /><testcase classname="tests.test_lt_shim" name="test_inspect_benign_is_clean_and_low_risk" time="0.001" /><testcase classname="tests.test_lt_shim" name="test_inspect_extracts_paths_domains_commands" time="0.001" /><testcase classname="tests.test_lt_shim" name="test_policy_denies_injection_via_block_rule" time="0.001" /><testcase classname="tests.test_lt_shim" name="test_policy_allows_benign_by_default_action" time="0.001" /><testcase classname="tests.test_lt_shim" name="test_match_types_threshold_and_negate" time="0.001" /><testcase classname="tests.test_lt_shim" name="test_proxy_forwards_benign_and_strips_request_lobstertrap" time="0.011" /><testcase classname="tests.test_lt_shim" name="test_proxy_blocks_injection_without_forwarding" time="0.009" /><testcase classname="tests.test_lt_shim" name="test_proxy_egress_blocks_credential_leak" time="0.009" /><testcase classname="tests.test_lt_shim" name="test_shim_metadata_drives_compose_to_quarantine_like_real" time="0.001" /><testcase classname="tests.test_lt_shim" name="test_shim_audit_lines_are_ingestible_by_audit_chain" time="0.022" /><testcase classname="tests.test_policy" name="test_action_policy_is_in_sync_with_engine" time="0.007" /><testcase classname="tests.test_policy" name="test_action_policy_has_all_nine_rules_in_order" time="0.007" /><testcase classname="tests.test_policy" name="test_R2_escalates_to_quarantine_on_lt_corroboration" time="0.007" /><testcase classname="tests.test_policy" name="test_lt_policy_is_valid_and_forks_veea_defaults" time="0.014" /><testcase classname="tests.test_policy" name="test_lt_policy_allows_gemini_backend_domain" time="0.011" /><testcase classname="tests.test_policy" name="test_policy_files_exist_where_the_binary_expects_them" time="0.001" /><testcase classname="tests.test_provenance" name="test_effective_trust_is_minimum" time="0.001" /><testcase classname="tests.test_provenance" name="test_single_untrusted_source_drags_trust_down" time="0.001" /><testcase classname="tests.test_provenance" name="test_injection_flag_is_disjunction" time="0.000" /><testcase classname="tests.test_provenance" name="test_unresolvable_source_fails_closed" time="0.000" /><testcase classname="tests.test_provenance" name="test_no_sources_cited_fails_closed" time="0.000" /><testcase classname="tests.test_scenarios" name="test_scenario_A_legitimate_intra_site_migration_allowed" time="0.001" /><testcase classname="tests.test_scenarios" name="test_scenario_C_poisoned_log_destructive_action_denied" time="0.001" /><testcase classname="tests.test_scenarios" name="test_scenario_D_legitimate_destructive_goes_to_human_review" time="0.001" /><testcase classname="tests.test_scenarios" name="test_under_declared_cross_site_migration_is_intent_violation" time="0.001" /><testcase classname="tests.test_scenarios" name="test_unknown_tool_fails_closed_with_record" time="0.001" /><testcase classname="tests.test_scenarios" name="test_record_to_dict_is_json_safe" time="0.001" /><testcase classname="tests.test_types" name="test_min_trust_returns_most_untrusted" time="0.000" /><testcase classname="tests.test_types" name="test_min_trust_empty_fails_closed" time="0.000" /><testcase classname="tests.test_types" name="test_enum_values_match_spec_strings" time="0.000" /><testcase classname="tests.test_types" name="test_envelope_from_dict_roundtrips_spec_example" time="0.001" /></testsuite></testsuites>